<?xml version="1.0" encoding="UTF-8"?>
<!-- Generated by org.testng.reporters.JUnitReportReporter -->
<testsuite skipped="0" hostname="Gagan" name="MondodbTest.WebScrapTest" tests="3" failures="0" timestamp="31 Oct 2020 14:44:08 GMT" time="41.924" errors="0">
  <testcase name="webScrapTest" time="23.426" classname="MondodbTest.WebScrapTest"/>
  <testcase name="webScrapTest" time="10.565" classname="MondodbTest.WebScrapTest"/>
  <testcase name="webScrapTest" time="7.933" classname="MondodbTest.WebScrapTest"/>
</testsuite> <!-- MondodbTest.WebScrapTest -->
